This file contains any messages produced by compilers while
running configure, to aid debugging if configure makes a mistake.

It was created by fedora-freemedia-tools configure 1.0, which was
generated by GNU Autoconf 2.68.  Invocation command line was

  $ ./configure 

## --------- ##
## Platform. ##
## --------- ##

hostname = ankur.pc
uname -m = x86_64
uname -r = 3.1.6-1.fc16.x86_64
uname -s = Linux
uname -v = #1 SMP Wed Dec 21 22:41:17 UTC 2011

/usr/bin/uname -p = unknown
/bin/uname -X     = unknown

/bin/arch              = x86_64
/usr/bin/arch -k       = unknown
/usr/convex/getsysinfo = unknown
/usr/bin/hostinfo      = unknown
/bin/machine           = unknown
/usr/bin/oslevel       = unknown
/bin/universe          = unknown

PATH: /usr/lib64/ccache
PATH: /usr/local/bin
PATH: /usr/bin
PATH: /bin
PATH: /usr/local/sbin
PATH: /usr/sbin
PATH: /sbin
PATH: /home/ankur/bin


## ----------- ##
## Core tests. ##
## ----------- ##

configure:1832: checking for a BSD-compatible install
configure:1900: result: /usr/bin/install -c
configure:1911: checking whether build environment is sane
configure:1961: result: yes
configure:2102: checking for a thread-safe mkdir -p
configure:2141: result: /bin/mkdir -p
configure:2154: checking for gawk
configure:2170: found /usr/bin/gawk
configure:2181: result: gawk
configure:2192: checking whether make sets $(MAKE)
configure:2214: result: yes
configure:2298: checking whether to enable maintainer-specific portions of Makefiles
configure:2307: result: no
configure:2378: checking for g++
configure:2394: found /usr/lib64/ccache/g++
configure:2405: result: g++
configure:2432: checking for C++ compiler version
configure:2441: g++ --version >&5
g++ (GCC) 4.6.2 20111027 (Red Hat 4.6.2-1)
Copyright (C) 2011 Free Software Foundation, Inc.
This is free software; see the source for copying conditions.  There is NO
warranty; not even for MERCHANTABILITY or FITNESS FOR A PARTICULAR PURPOSE.

configure:2452: $? = 0
configure:2441: g++ -v >&5
Using built-in specs.
COLLECT_GCC=/usr/bin/g++
COLLECT_LTO_WRAPPER=/usr/libexec/gcc/x86_64-redhat-linux/4.6.2/lto-wrapper
Target: x86_64-redhat-linux
Configured with: ../configure --prefix=/usr --mandir=/usr/share/man --infodir=/usr/share/info --with-bugurl=http://bugzilla.redhat.com/bugzilla --enable-bootstrap --enable-shared --enable-threads=posix --enable-checking=release --with-system-zlib --enable-__cxa_atexit --disable-libunwind-exceptions --enable-gnu-unique-object --enable-linker-build-id --enable-languages=c,c++,objc,obj-c++,java,fortran,ada,go,lto --enable-plugin --enable-java-awt=gtk --disable-dssi --with-java-home=/usr/lib/jvm/java-1.5.0-gcj-1.5.0.0/jre --enable-libgcj-multifile --enable-java-maintainer-mode --with-ecj-jar=/usr/share/java/eclipse-ecj.jar --disable-libjava-multilib --with-ppl --with-cloog --with-tune=generic --with-arch_32=i686 --build=x86_64-redhat-linux
Thread model: posix
gcc version 4.6.2 20111027 (Red Hat 4.6.2-1) (GCC) 
configure:2452: $? = 0
configure:2441: g++ -V >&5
g++: error: unrecognized option '-V'
g++: fatal error: no input files
compilation terminated.
configure:2452: $? = 4
configure:2441: g++ -qversion >&5
g++: error: unrecognized option '-qversion'
g++: fatal error: no input files
compilation terminated.
configure:2452: $? = 4
configure:2472: checking whether the C++ compiler works
configure:2494: g++    conftest.cpp  >&5
configure:2498: $? = 0
configure:2546: result: yes
configure:2549: checking for C++ compiler default output file name
configure:2551: result: a.out
configure:2557: checking for suffix of executables
configure:2564: g++ -o conftest    conftest.cpp  >&5
configure:2568: $? = 0
configure:2590: result: 
configure:2612: checking whether we are cross compiling
configure:2620: g++ -o conftest    conftest.cpp  >&5
configure:2624: $? = 0
configure:2631: ./conftest
configure:2635: $? = 0
configure:2650: result: no
configure:2655: checking for suffix of object files
configure:2677: g++ -c   conftest.cpp >&5
configure:2681: $? = 0
configure:2702: result: o
configure:2706: checking whether we are using the GNU C++ compiler
configure:2725: g++ -c   conftest.cpp >&5
configure:2725: $? = 0
configure:2734: result: yes
configure:2743: checking whether g++ accepts -g
configure:2763: g++ -c -g  conftest.cpp >&5
configure:2763: $? = 0
configure:2804: result: yes
configure:2838: checking for style of include used by make
configure:2866: result: GNU
configure:2891: checking dependency style of g++
configure:3001: result: gcc3
configure:3073: checking for pkg-config
configure:3091: found /usr/bin/pkg-config
configure:3103: result: /usr/bin/pkg-config
configure:3128: checking pkg-config is at least version 0.9.0
configure:3131: result: yes
configure:3141: checking for PACKAGE
configure:3148: $PKG_CONFIG --exists --print-errors "sqlite3"
configure:3151: $? = 0
configure:3164: $PKG_CONFIG --exists --print-errors "sqlite3"
configure:3167: $? = 0
configure:3226: result: yes
configure:3405: creating ./config.status

## ---------------------- ##
## Running config.status. ##
## ---------------------- ##

This file was extended by fedora-freemedia-tools config.status 1.0, which was
generated by GNU Autoconf 2.68.  Invocation command line was

  CONFIG_FILES    = 
  CONFIG_HEADERS  = 
  CONFIG_LINKS    = 
  CONFIG_COMMANDS = 
  $ ./config.status 

on ankur.pc

config.status:790: creating Makefile
config.status:790: creating src/Makefile
config.status:962: executing depfiles commands

## ---------------- ##
## Cache variables. ##
## ---------------- ##

ac_cv_cxx_compiler_gnu=yes
ac_cv_env_CCC_set=
ac_cv_env_CCC_value=
ac_cv_env_CPPFLAGS_set=
ac_cv_env_CPPFLAGS_value=
ac_cv_env_CXXFLAGS_set=
ac_cv_env_CXXFLAGS_value=
ac_cv_env_CXX_set=
ac_cv_env_CXX_value=
ac_cv_env_LDFLAGS_set=
ac_cv_env_LDFLAGS_value=
ac_cv_env_LIBS_set=
ac_cv_env_LIBS_value=
ac_cv_env_PACKAGE_CFLAGS_set=
ac_cv_env_PACKAGE_CFLAGS_value=
ac_cv_env_PACKAGE_LIBS_set=
ac_cv_env_PACKAGE_LIBS_value=
ac_cv_env_PKG_CONFIG_LIBDIR_set=
ac_cv_env_PKG_CONFIG_LIBDIR_value=
ac_cv_env_PKG_CONFIG_PATH_set=
ac_cv_env_PKG_CONFIG_PATH_value=
ac_cv_env_PKG_CONFIG_set=
ac_cv_env_PKG_CONFIG_value=
ac_cv_env_build_alias_set=
ac_cv_env_build_alias_value=
ac_cv_env_host_alias_set=
ac_cv_env_host_alias_value=
ac_cv_env_target_alias_set=
ac_cv_env_target_alias_value=
ac_cv_objext=o
ac_cv_path_ac_pt_PKG_CONFIG=/usr/bin/pkg-config
ac_cv_path_install='/usr/bin/install -c'
ac_cv_path_mkdir=/bin/mkdir
ac_cv_prog_AWK=gawk
ac_cv_prog_ac_ct_CXX=g++
ac_cv_prog_cxx_g=yes
ac_cv_prog_make_make_set=yes
am_cv_CXX_dependencies_compiler_type=gcc3
pkg_cv_PACKAGE_CFLAGS=' '
pkg_cv_PACKAGE_LIBS='-lsqlite3  '

## ----------------- ##
## Output variables. ##
## ----------------- ##

ACLOCAL='${SHELL} /home/ankur/Documents/work/repos/mine/fedora-freemedia-tool/missing --run aclocal-1.11'
AMDEPBACKSLASH='\'
AMDEP_FALSE='#'
AMDEP_TRUE=''
AMTAR='${SHELL} /home/ankur/Documents/work/repos/mine/fedora-freemedia-tool/missing --run tar'
AUTOCONF='${SHELL} /home/ankur/Documents/work/repos/mine/fedora-freemedia-tool/missing --run autoconf'
AUTOHEADER='${SHELL} /home/ankur/Documents/work/repos/mine/fedora-freemedia-tool/missing --run autoheader'
AUTOMAKE='${SHELL} /home/ankur/Documents/work/repos/mine/fedora-freemedia-tool/missing --run automake-1.11'
AWK='gawk'
CPPFLAGS=''
CXX='g++'
CXXDEPMODE='depmode=gcc3'
CXXFLAGS='-g -O2'
CYGPATH_W='echo'
DEFS='-DPACKAGE_NAME=\"fedora-freemedia-tools\" -DPACKAGE_TARNAME=\"fedora-freemedia-tools\" -DPACKAGE_VERSION=\"1.0\" -DPACKAGE_STRING=\"fedora-freemedia-tools\ 1.0\" -DPACKAGE_BUGREPORT=\"ankursinha@fedoraproject.org\" -DPACKAGE_URL=\"http://gitorious.org/fedora-freemedia-tools\" -DPACKAGE=\"fedora-freemedia-tools\" -DVERSION=\"1.0\"'
DEPDIR='.deps'
ECHO_C=''
ECHO_N='-n'
ECHO_T=''
EXEEXT=''
INSTALL_DATA='${INSTALL} -m 644'
INSTALL_PROGRAM='${INSTALL}'
INSTALL_SCRIPT='${INSTALL}'
INSTALL_STRIP_PROGRAM='$(install_sh) -c -s'
LDFLAGS=''
LIBOBJS=''
LIBS=''
LTLIBOBJS=''
MAINT='#'
MAINTAINER_MODE_FALSE=''
MAINTAINER_MODE_TRUE='#'
MAKEINFO='${SHELL} /home/ankur/Documents/work/repos/mine/fedora-freemedia-tool/missing --run makeinfo'
MKDIR_P='/bin/mkdir -p'
OBJEXT='o'
PACKAGE='fft'
PACKAGE_BUGREPORT='ankursinha@fedoraproject.org'
PACKAGE_CFLAGS=' '
PACKAGE_LIBS='-lsqlite3  '
PACKAGE_NAME='fedora-freemedia-tools'
PACKAGE_STRING='fedora-freemedia-tools 1.0'
PACKAGE_TARNAME='fedora-freemedia-tools'
PACKAGE_URL='http://gitorious.org/fedora-freemedia-tools'
PACKAGE_VERSION='1.0'
PATH_SEPARATOR=':'
PKG_CONFIG='/usr/bin/pkg-config'
PKG_CONFIG_LIBDIR=''
PKG_CONFIG_PATH=''
SET_MAKE=''
SHELL='/bin/sh'
STRIP=''
VERSION='1.0'
ac_ct_CXX='g++'
am__EXEEXT_FALSE=''
am__EXEEXT_TRUE='#'
am__fastdepCXX_FALSE='#'
am__fastdepCXX_TRUE=''
am__include='include'
am__isrc=''
am__leading_dot='.'
am__quote=''
am__tar='${AMTAR} chof - "$$tardir"'
am__untar='${AMTAR} xf -'
bindir='${exec_prefix}/bin'
build_alias=''
datadir='${datarootdir}'
datarootdir='${prefix}/share'
docdir='${datarootdir}/doc/${PACKAGE_TARNAME}'
dvidir='${docdir}'
exec_prefix='${prefix}'
host_alias=''
htmldir='${docdir}'
includedir='${prefix}/include'
infodir='${datarootdir}/info'
install_sh='${SHELL} /home/ankur/Documents/work/repos/mine/fedora-freemedia-tool/install-sh'
libdir='${exec_prefix}/lib'
libexecdir='${exec_prefix}/libexec'
localedir='${datarootdir}/locale'
localstatedir='${prefix}/var'
mandir='${datarootdir}/man'
mkdir_p='/bin/mkdir -p'
oldincludedir='/usr/include'
pdfdir='${docdir}'
prefix='/usr/local'
program_transform_name='s,x,x,'
psdir='${docdir}'
sbindir='${exec_prefix}/sbin'
sharedstatedir='${prefix}/com'
sysconfdir='${prefix}/etc'
target_alias=''

## ----------- ##
## confdefs.h. ##
## ----------- ##

/* confdefs.h */
#define PACKAGE_NAME "fedora-freemedia-tools"
#define PACKAGE_TARNAME "fedora-freemedia-tools"
#define PACKAGE_VERSION "1.0"
#define PACKAGE_STRING "fedora-freemedia-tools 1.0"
#define PACKAGE_BUGREPORT "ankursinha@fedoraproject.org"
#define PACKAGE_URL "http://gitorious.org/fedora-freemedia-tools"
#define PACKAGE "fedora-freemedia-tools"
#define VERSION "1.0"

configure: exit 0
